{"uid":"86987f526346a591","name":"Validates successful deletion of a book by id","fullName":"net.azurewebsites.fakerestapi.books.delete.DeleteBookByIdPositiveTest.verifyDeleteBookByIdPositiveTest","historyId":"ce1a8816538fd4afe1ac024e4582d12d","time":{"start":1751017245090,"stop":1751017245090,"duration":0},"status":"skipped","statusMessage":"Response returns inappropriate status code\nExpecting 200 status code but was 404!","statusTrace":"net.azurewebsites.fakerestapi.exceptions.HttpException: Response returns inappropriate status code\nExpecting 200 status code but was 404!\n\tat net.azurewebsites.fakerestapi.core.restassuredclient.HttpResponseWrapper.validateResponseCode(HttpResponseWrapper.java:101)\n\tat net.azurewebsites.fakerestapi.core.restassuredclient.HttpResponseWrapper.expectStatusCode(HttpResponseWrapper.java:23)\n\tat net.azurewebsites.fakerestapi.books.delete.DeleteBookByIdPositiveTest.initBook(DeleteBookByIdPositiveTest.java:29)\n\tat java.base/jdk.internal.reflect.DirectMethodHandleAccessor.invoke(DirectMethodHandleAccessor.java:104)\n\tat java.base/java.lang.reflect.Method.invoke(Method.java:565)\n\tat org.testng.internal.invokers.MethodInvocationHelper.invokeMethod(MethodInvocationHelper.java:141)\n\tat org.testng.internal.invokers.MethodInvocationHelper.invokeMethodConsideringTimeout(MethodInvocationHelper.java:71)\n\tat org.testng.internal.invokers.ConfigInvoker.invokeConfigurationMethod(ConfigInvoker.java:400)\n\tat org.testng.internal.invokers.ConfigInvoker.invokeConfigurations(ConfigInvoker.java:333)\n\tat org.testng.internal.invokers.TestInvoker.runConfigMethods(TestInvoker.java:836)\n\tat org.testng.internal.invokers.TestInvoker.invokeMethod(TestInvoker.java:601)\n\tat org.testng.internal.invokers.TestInvoker.invokeTestMethod(TestInvoker.java:230)\n\tat org.testng.internal.invokers.MethodRunner.runInSequence(MethodRunner.java:63)\n\tat org.testng.internal.invokers.TestInvoker$MethodInvocationAgent.invoke(TestInvoker.java:995)\n\tat org.testng.internal.invokers.TestInvoker.invokeTestMethods(TestInvoker.java:203)\n\tat org.testng.internal.invokers.TestMethodWorker.invokeTestMethods(TestMethodWorker.java:154)\n\tat org.testng.internal.invokers.TestMethodWorker.run(TestMethodWorker.java:134)\n\tat java.base/java.util.concurrent.Executors$RunnableAdapter.call(Executors.java:545)\n\tat java.base/java.util.concurrent.FutureTask.run(FutureTask.java:328)\n\tat org.testng.internal.thread.graph.TestNGFutureTask.run(TestNGFutureTask.java:22)\n\tat java.base/java.util.concurrent.ThreadPoolExecutor.runWorker(ThreadPoolExecutor.java:1095)\n\tat java.base/java.util.concurrent.ThreadPoolExecutor$Worker.run(ThreadPoolExecutor.java:619)\n\tat java.base/java.lang.Thread.run(Thread.java:1447)\nCaused by: java.lang.AssertionError: 1 expectation failed.\nExpected status code <200> but was <404>.\n\n\tat java.base/jdk.internal.reflect.DirectConstructorHandleAccessor.newInstance(DirectConstructorHandleAccessor.java:62)\n\tat java.base/java.lang.reflect.Constructor.newInstanceWithCaller(Constructor.java:499)\n\tat java.base/java.lang.reflect.Constructor.newInstance(Constructor.java:483)\n\tat org.codehaus.groovy.reflection.CachedConstructor.invoke(CachedConstructor.java:73)\n\tat org.codehaus.groovy.runtime.callsite.ConstructorSite$ConstructorSiteNoUnwrapNoCoerce.callConstructor(ConstructorSite.java:108)\n\tat org.codehaus.groovy.runtime.callsite.AbstractCallSite.callConstructor(AbstractCallSite.java:277)\n\tat io.restassured.internal.ResponseSpecificationImpl$HamcrestAssertionClosure.validate(ResponseSpecificationImpl.groovy:512)\n\tat io.restassured.internal.ResponseSpecificationImpl$HamcrestAssertionClosure$validate$5.call(Unknown Source)\n\tat io.restassured.internal.ResponseSpecificationImpl.validateResponseIfRequired(ResponseSpecificationImpl.groovy:696)\n\tat io.restassured.internal.ResponseSpecificationImpl.this$2$validateResponseIfRequired(ResponseSpecificationImpl.groovy)\n\tat java.base/jdk.internal.reflect.DirectMethodHandleAccessor.invoke(DirectMethodHandleAccessor.java:104)\n\tat java.base/java.lang.reflect.Method.invoke(Method.java:565)\n\tat org.codehaus.groovy.runtime.callsite.PlainObjectMetaMethodSite.doInvoke(PlainObjectMetaMethodSite.java:43)\n\tat org.codehaus.groovy.runtime.callsite.PogoMetaMethodSite$PogoCachedMethodSiteNoUnwrapNoCoerce.invoke(PogoMetaMethodSite.java:198)\n\tat org.codehaus.groovy.runtime.callsite.PogoMetaMethodSite.callCurrent(PogoMetaMethodSite.java:62)\n\tat org.codehaus.groovy.runtime.callsite.AbstractCallSite.callCurrent(AbstractCallSite.java:185)\n\tat io.restassured.internal.ResponseSpecificationImpl.statusCode(ResponseSpecificationImpl.groovy:135)\n\tat io.restassured.internal.ValidatableResponseOptionsImpl.statusCode(ValidatableResponseOptionsImpl.java:84)\n\tat net.azurewebsites.fakerestapi.core.restassuredclient.HttpResponseWrapper.validateResponseCode(HttpResponseWrapper.java:99)\n\t... 22 more\n","flaky":false,"newFailed":false,"newBroken":false,"newPassed":false,"retriesCount":0,"retriesStatusChange":false,"beforeStages":[{"name":"initBook","time":{"start":1751017244388,"stop":1751017245086,"duration":698},"description":"","status":"broken","statusMessage":"Response returns inappropriate status code\nExpecting 200 status code but was 404!","statusTrace":"net.azurewebsites.fakerestapi.exceptions.HttpException: Response returns inappropriate status code\nExpecting 200 status code but was 404!\n\tat net.azurewebsites.fakerestapi.core.restassuredclient.HttpResponseWrapper.validateResponseCode(HttpResponseWrapper.java:101)\n\tat net.azurewebsites.fakerestapi.core.restassuredclient.HttpResponseWrapper.expectStatusCode(HttpResponseWrapper.java:23)\n\tat net.azurewebsites.fakerestapi.books.delete.DeleteBookByIdPositiveTest.initBook(DeleteBookByIdPositiveTest.java:29)\n\tat java.base/jdk.internal.reflect.DirectMethodHandleAccessor.invoke(DirectMethodHandleAccessor.java:104)\n\tat java.base/java.lang.reflect.Method.invoke(Method.java:565)\n\tat org.testng.internal.invokers.MethodInvocationHelper.invokeMethod(MethodInvocationHelper.java:141)\n\tat org.testng.internal.invokers.MethodInvocationHelper.invokeMethodConsideringTimeout(MethodInvocationHelper.java:71)\n\tat org.testng.internal.invokers.ConfigInvoker.invokeConfigurationMethod(ConfigInvoker.java:400)\n\tat org.testng.internal.invokers.ConfigInvoker.invokeConfigurations(ConfigInvoker.java:333)\n\tat org.testng.internal.invokers.TestInvoker.runConfigMethods(TestInvoker.java:836)\n\tat org.testng.internal.invokers.TestInvoker.invokeMethod(TestInvoker.java:601)\n\tat org.testng.internal.invokers.TestInvoker.invokeTestMethod(TestInvoker.java:230)\n\tat org.testng.internal.invokers.MethodRunner.runInSequence(MethodRunner.java:63)\n\tat org.testng.internal.invokers.TestInvoker$MethodInvocationAgent.invoke(TestInvoker.java:995)\n\tat org.testng.internal.invokers.TestInvoker.invokeTestMethods(TestInvoker.java:203)\n\tat org.testng.internal.invokers.TestMethodWorker.invokeTestMethods(TestMethodWorker.java:154)\n\tat org.testng.internal.invokers.TestMethodWorker.run(TestMethodWorker.java:134)\n\tat java.base/java.util.concurrent.Executors$RunnableAdapter.call(Executors.java:545)\n\tat java.base/java.util.concurrent.FutureTask.run(FutureTask.java:328)\n\tat org.testng.internal.thread.graph.TestNGFutureTask.run(TestNGFutureTask.java:22)\n\tat java.base/java.util.concurrent.ThreadPoolExecutor.runWorker(ThreadPoolExecutor.java:1095)\n\tat java.base/java.util.concurrent.ThreadPoolExecutor$Worker.run(ThreadPoolExecutor.java:619)\n\tat java.base/java.lang.Thread.run(Thread.java:1447)\nCaused by: java.lang.AssertionError: 1 expectation failed.\nExpected status code <200> but was <404>.\n\n\tat java.base/jdk.internal.reflect.DirectConstructorHandleAccessor.newInstance(DirectConstructorHandleAccessor.java:62)\n\tat java.base/java.lang.reflect.Constructor.newInstanceWithCaller(Constructor.java:499)\n\tat java.base/java.lang.reflect.Constructor.newInstance(Constructor.java:483)\n\tat org.codehaus.groovy.reflection.CachedConstructor.invoke(CachedConstructor.java:73)\n\tat org.codehaus.groovy.runtime.callsite.ConstructorSite$ConstructorSiteNoUnwrapNoCoerce.callConstructor(ConstructorSite.java:108)\n\tat org.codehaus.groovy.runtime.callsite.AbstractCallSite.callConstructor(AbstractCallSite.java:277)\n\tat io.restassured.internal.ResponseSpecificationImpl$HamcrestAssertionClosure.validate(ResponseSpecificationImpl.groovy:512)\n\tat io.restassured.internal.ResponseSpecificationImpl$HamcrestAssertionClosure$validate$5.call(Unknown Source)\n\tat io.restassured.internal.ResponseSpecificationImpl.validateResponseIfRequired(ResponseSpecificationImpl.groovy:696)\n\tat io.restassured.internal.ResponseSpecificationImpl.this$2$validateResponseIfRequired(ResponseSpecificationImpl.groovy)\n\tat java.base/jdk.internal.reflect.DirectMethodHandleAccessor.invoke(DirectMethodHandleAccessor.java:104)\n\tat java.base/java.lang.reflect.Method.invoke(Method.java:565)\n\tat org.codehaus.groovy.runtime.callsite.PlainObjectMetaMethodSite.doInvoke(PlainObjectMetaMethodSite.java:43)\n\tat org.codehaus.groovy.runtime.callsite.PogoMetaMethodSite$PogoCachedMethodSiteNoUnwrapNoCoerce.invoke(PogoMetaMethodSite.java:198)\n\tat org.codehaus.groovy.runtime.callsite.PogoMetaMethodSite.callCurrent(PogoMetaMethodSite.java:62)\n\tat org.codehaus.groovy.runtime.callsite.AbstractCallSite.callCurrent(AbstractCallSite.java:185)\n\tat io.restassured.internal.ResponseSpecificationImpl.statusCode(ResponseSpecificationImpl.groovy:135)\n\tat io.restassured.internal.ValidatableResponseOptionsImpl.statusCode(ValidatableResponseOptionsImpl.java:84)\n\tat net.azurewebsites.fakerestapi.core.restassuredclient.HttpResponseWrapper.validateResponseCode(HttpResponseWrapper.java:99)\n\t... 22 more\n","steps":[{"name":"Created book with body: BookDto(id=898422250, title=Moab Is My Washpot, description=caYeYmmhwBefEIMzVQLRvjnylaNjknGJaAuWytVhlpDprnFqPVjuTPuOwIWfjRNShewNnQsHtWDLFTBjccqYmeXXeVzNvWHkDYrSBYaTmloBAquhuFqTExfIhtgESpcHMpYAgQtkckyTFmhZLeBaiUumQRXBkiQugvtqktzYnCVzS, pageCount=111439402, excerpt=vyrjfREKccdPhImkFIOTqOraqjrDMNYDHbUqMIeclBJrOcuZspEBzNddGmffKcSVDAG, publishDate=1093-04-28T05:46:47.871Z)","time":{"start":1751017244411,"stop":1751017244769,"duration":358},"status":"passed","steps":[],"attachments":[{"uid":"5734b12b4937a499","name":"Request","source":"5734b12b4937a499.html","type":"text/html","size":1529},{"uid":"a5a7ea9fe841876","name":"HTTP/1.1 200 OK","source":"a5a7ea9fe841876.html","type":"text/html","size":906}],"parameters":[{"name":"body","value":"BookDto(id=898422250, title=Moab Is My Washpot, description=caYeYmmhwBefEIMzVQLRvjnylaNjknGJaAuWytVhlpDprnFqPVjuTPuOwIWfjRNShewNnQsHtWDLFTBjccqYmeXXeVzNvWHkDYrSBYaTmloBAquhuFqTExfIhtgESpcHMpYAgQtkckyTFmhZLeBaiUumQRXBkiQugvtqktzYnCVzS, pageCount=111439402, excerpt=vyrjfREKccdPhImkFIOTqOraqjrDMNYDHbUqMIeclBJrOcuZspEBzNddGmffKcSVDAG, publishDate=1093-04-28T05:46:47.871Z)"}],"shouldDisplayMessage":false,"stepsCount":0,"attachmentsCount":2,"hasContent":true,"attachmentStep":false},{"name":"Got book by id: 898422250","time":{"start":1751017244772,"stop":1751017245086,"duration":314},"status":"passed","steps":[],"attachments":[{"uid":"d23669db14a67096","name":"Request","source":"d23669db14a67096.html","type":"text/html","size":418},{"uid":"e43da4f41062a54b","name":"HTTP/1.1 404 Not Found","source":"e43da4f41062a54b.html","type":"text/html","size":655}],"parameters":[{"name":"id","value":"898422250"}],"shouldDisplayMessage":false,"stepsCount":0,"attachmentsCount":2,"hasContent":true,"attachmentStep":false}],"attachments":[],"parameters":[],"shouldDisplayMessage":true,"stepsCount":2,"attachmentsCount":4,"hasContent":true,"attachmentStep":false}],"afterStages":[],"labels":[{"name":"package","value":"net.azurewebsites.fakerestapi.books.delete.DeleteBookByIdPositiveTest"},{"name":"testClass","value":"net.azurewebsites.fakerestapi.books.delete.DeleteBookByIdPositiveTest"},{"name":"testMethod","value":"verifyDeleteBookByIdPositiveTest"},{"name":"parentSuite","value":"Surefire suite"},{"name":"suite","value":"Surefire test"},{"name":"subSuite","value":"net.azurewebsites.fakerestapi.books.delete.DeleteBookByIdPositiveTest"},{"name":"host","value":"fv-az2246-819"},{"name":"thread","value":"2127@fv-az2246-819.TestNG-test-Surefire test-2(34)"},{"name":"framework","value":"testng"},{"name":"language","value":"java"},{"name":"epic","value":"Book"},{"name":"resultFormat","value":"allure2"}],"parameters":[],"links":[],"hidden":false,"retry":false,"extra":{"severity":"normal","retries":[],"categories":[],"tags":[]},"source":"86987f526346a591.json","parameterValues":[]}