{"uid":"88724b0285e94ce5","name":"Validates successful retrieval of authors for a given book id","fullName":"net.azurewebsites.fakerestapi.authors.getbybookid.GetAuthorsByBookIdPositiveTest.verifyGetAuthorsByBookIdPositiveTest","historyId":"f77ebd9f8ef3b92ff1589c5cc14a9d35","time":{"start":1751017244101,"stop":1751017244399,"duration":298},"status":"failed","statusMessage":"[Authors returned for book id [2] do not match expected] \nexpected: \n  [AuthorDto(id=3, idBook=2, firstName=First Name 3, lastName=Last Name 3),\n      AuthorDto(id=4, idBook=2, firstName=First Name 4, lastName=Last Name 4),\n      AuthorDto(id=5, idBook=2, firstName=First Name 5, lastName=Last Name 5),\n      AuthorDto(id=6, idBook=2, firstName=First Name 6, lastName=Last Name 6)]\n but was: \n  [AuthorDto(id=5, idBook=2, firstName=First Name 5, lastName=Last Name 5),\n      AuthorDto(id=6, idBook=2, firstName=First Name 6, lastName=Last Name 6),\n      AuthorDto(id=7, idBook=2, firstName=First Name 7, lastName=Last Name 7)]","statusTrace":"java.lang.AssertionError: [Authors returned for book id [2] do not match expected] \nexpected: \n  [AuthorDto(id=3, idBook=2, firstName=First Name 3, lastName=Last Name 3),\n      AuthorDto(id=4, idBook=2, firstName=First Name 4, lastName=Last Name 4),\n      AuthorDto(id=5, idBook=2, firstName=First Name 5, lastName=Last Name 5),\n      AuthorDto(id=6, idBook=2, firstName=First Name 6, lastName=Last Name 6)]\n but was: \n  [AuthorDto(id=5, idBook=2, firstName=First Name 5, lastName=Last Name 5),\n      AuthorDto(id=6, idBook=2, firstName=First Name 6, lastName=Last Name 6),\n      AuthorDto(id=7, idBook=2, firstName=First Name 7, lastName=Last Name 7)]\n\tat net.azurewebsites.fakerestapi.authors.getbybookid.GetAuthorsByBookIdPositiveTest.verifyGetAuthorsByBookIdPositiveTest(GetAuthorsByBookIdPositiveTest.java:43)\n\tat java.base/jdk.internal.reflect.DirectMethodHandleAccessor.invoke(DirectMethodHandleAccessor.java:104)\n\tat java.base/java.lang.reflect.Method.invoke(Method.java:565)\n\tat org.testng.internal.invokers.MethodInvocationHelper.invokeMethod(MethodInvocationHelper.java:141)\n\tat org.testng.internal.invokers.TestInvoker.invokeMethod(TestInvoker.java:687)\n\tat org.testng.internal.invokers.TestInvoker.invokeTestMethod(TestInvoker.java:230)\n\tat org.testng.internal.invokers.MethodRunner.runInSequence(MethodRunner.java:63)\n\tat org.testng.internal.invokers.TestInvoker$MethodInvocationAgent.invoke(TestInvoker.java:995)\n\tat org.testng.internal.invokers.TestInvoker.invokeTestMethods(TestInvoker.java:203)\n\tat org.testng.internal.invokers.TestMethodWorker.invokeTestMethods(TestMethodWorker.java:154)\n\tat org.testng.internal.invokers.TestMethodWorker.run(TestMethodWorker.java:134)\n\tat java.base/java.util.concurrent.Executors$RunnableAdapter.call(Executors.java:545)\n\tat java.base/java.util.concurrent.FutureTask.run(FutureTask.java:328)\n\tat org.testng.internal.thread.graph.TestNGFutureTask.run(TestNGFutureTask.java:22)\n\tat java.base/java.util.concurrent.ThreadPoolExecutor.runWorker(ThreadPoolExecutor.java:1095)\n\tat java.base/java.util.concurrent.ThreadPoolExecutor$Worker.run(ThreadPoolExecutor.java:619)\n\tat java.base/java.lang.Thread.run(Thread.java:1447)\n","flaky":false,"newFailed":false,"newBroken":false,"newPassed":false,"retriesCount":0,"retriesStatusChange":false,"beforeStages":[{"name":"initBook","time":{"start":1751017244096,"stop":1751017244097,"duration":1},"description":"","status":"passed","steps":[],"attachments":[],"parameters":[],"shouldDisplayMessage":false,"stepsCount":0,"attachmentsCount":0,"hasContent":false,"attachmentStep":false}],"testStage":{"status":"failed","statusMessage":"[Authors returned for book id [2] do not match expected] \nexpected: \n  [AuthorDto(id=3, idBook=2, firstName=First Name 3, lastName=Last Name 3),\n      AuthorDto(id=4, idBook=2, firstName=First Name 4, lastName=Last Name 4),\n      AuthorDto(id=5, idBook=2, firstName=First Name 5, lastName=Last Name 5),\n      AuthorDto(id=6, idBook=2, firstName=First Name 6, lastName=Last Name 6)]\n but was: \n  [AuthorDto(id=5, idBook=2, firstName=First Name 5, lastName=Last Name 5),\n      AuthorDto(id=6, idBook=2, firstName=First Name 6, lastName=Last Name 6),\n      AuthorDto(id=7, idBook=2, firstName=First Name 7, lastName=Last Name 7)]","statusTrace":"java.lang.AssertionError: [Authors returned for book id [2] do not match expected] \nexpected: \n  [AuthorDto(id=3, idBook=2, firstName=First Name 3, lastName=Last Name 3),\n      AuthorDto(id=4, idBook=2, firstName=First Name 4, lastName=Last Name 4),\n      AuthorDto(id=5, idBook=2, firstName=First Name 5, lastName=Last Name 5),\n      AuthorDto(id=6, idBook=2, firstName=First Name 6, lastName=Last Name 6)]\n but was: \n  [AuthorDto(id=5, idBook=2, firstName=First Name 5, lastName=Last Name 5),\n      AuthorDto(id=6, idBook=2, firstName=First Name 6, lastName=Last Name 6),\n      AuthorDto(id=7, idBook=2, firstName=First Name 7, lastName=Last Name 7)]\n\tat net.azurewebsites.fakerestapi.authors.getbybookid.GetAuthorsByBookIdPositiveTest.verifyGetAuthorsByBookIdPositiveTest(GetAuthorsByBookIdPositiveTest.java:43)\n\tat java.base/jdk.internal.reflect.DirectMethodHandleAccessor.invoke(DirectMethodHandleAccessor.java:104)\n\tat java.base/java.lang.reflect.Method.invoke(Method.java:565)\n\tat org.testng.internal.invokers.MethodInvocationHelper.invokeMethod(MethodInvocationHelper.java:141)\n\tat org.testng.internal.invokers.TestInvoker.invokeMethod(TestInvoker.java:687)\n\tat org.testng.internal.invokers.TestInvoker.invokeTestMethod(TestInvoker.java:230)\n\tat org.testng.internal.invokers.MethodRunner.runInSequence(MethodRunner.java:63)\n\tat org.testng.internal.invokers.TestInvoker$MethodInvocationAgent.invoke(TestInvoker.java:995)\n\tat org.testng.internal.invokers.TestInvoker.invokeTestMethods(TestInvoker.java:203)\n\tat org.testng.internal.invokers.TestMethodWorker.invokeTestMethods(TestMethodWorker.java:154)\n\tat org.testng.internal.invokers.TestMethodWorker.run(TestMethodWorker.java:134)\n\tat java.base/java.util.concurrent.Executors$RunnableAdapter.call(Executors.java:545)\n\tat java.base/java.util.concurrent.FutureTask.run(FutureTask.java:328)\n\tat org.testng.internal.thread.graph.TestNGFutureTask.run(TestNGFutureTask.java:22)\n\tat java.base/java.util.concurrent.ThreadPoolExecutor.runWorker(ThreadPoolExecutor.java:1095)\n\tat java.base/java.util.concurrent.ThreadPoolExecutor$Worker.run(ThreadPoolExecutor.java:619)\n\tat java.base/java.lang.Thread.run(Thread.java:1447)\n","steps":[],"attachments":[{"uid":"2a4ad4f419f11d5b","name":"Request","source":"2a4ad4f419f11d5b.html","type":"text/html","size":434},{"uid":"f4f36c7cd3c7bec6","name":"HTTP/1.1 200 OK","source":"f4f36c7cd3c7bec6.html","type":"text/html","size":939}],"parameters":[],"shouldDisplayMessage":true,"stepsCount":0,"attachmentsCount":2,"hasContent":true,"attachmentStep":false},"afterStages":[{"name":"returnBookToThePool","time":{"start":1751017244401,"stop":1751017244401,"duration":0},"description":"","status":"passed","steps":[],"attachments":[],"parameters":[],"shouldDisplayMessage":false,"stepsCount":0,"attachmentsCount":0,"hasContent":false,"attachmentStep":false}],"labels":[{"name":"package","value":"net.azurewebsites.fakerestapi.authors.getbybookid.GetAuthorsByBookIdPositiveTest"},{"name":"testClass","value":"net.azurewebsites.fakerestapi.authors.getbybookid.GetAuthorsByBookIdPositiveTest"},{"name":"testMethod","value":"verifyGetAuthorsByBookIdPositiveTest"},{"name":"parentSuite","value":"Surefire suite"},{"name":"suite","value":"Surefire test"},{"name":"subSuite","value":"net.azurewebsites.fakerestapi.authors.getbybookid.GetAuthorsByBookIdPositiveTest"},{"name":"host","value":"fv-az2246-819"},{"name":"thread","value":"2127@fv-az2246-819.TestNG-test-Surefire test-1(33)"},{"name":"framework","value":"testng"},{"name":"language","value":"java"},{"name":"epic","value":"Author"},{"name":"resultFormat","value":"allure2"}],"parameters":[],"links":[],"hidden":false,"retry":false,"extra":{"severity":"normal","retries":[],"categories":[{"name":"Product defects","matchedStatuses":[],"flaky":false}],"tags":[]},"source":"88724b0285e94ce5.json","parameterValues":[]}